<?xml version="1.0" encoding="UTF-8"?>
<testsuite xmlns:xsi="http://www.w3.org/2001/XMLSchema-instance" xsi:noNamespaceSchemaLocation="https://maven.apache.org/surefire/maven-surefire-plugin/xsd/surefire-test-report-3.0.xsd" version="3.0" name="ru.example.controller.api.ScheduleEventApiControllerTest" time="9.893" tests="3" errors="0" skipped="0" failures="0">
  <properties>
[...]
</properties>
  <testcase name="getScheduleEventById_WithNonExistingId_ShouldReturnNotFound" classname="ru.example.controller.api.ScheduleEventApiControllerTest" time="0.196">
    <system-out><![CDATA[Standard Commons Logging discovery in action with spring-jcl: please remove commons-logging.jar from classpath in order to avoid potential conflicts
22:30:48.042 [main] INFO org.springframework.test.context.support.AnnotationConfigContextLoaderUtils -- Could not detect default configuration classes for test class [ru.example.controller.api.ScheduleEventApiControllerTest]: ScheduleEventApiControllerTest does not declare any static, non-private, non-final, nested classes annotated with @Configuration.
22:30:48.351 [main] INFO org.springframework.boot.test.context.SpringBootTestContextBootstrapper -- Found @SpringBootConfiguration ru.example.TeacherWorkloadTrackerApplication for test class ru.example.controller.api.ScheduleEventApiControllerTest
  .   ____          _            __ _ _
 /\\ / ___'_ __ _ _(_)_ __  __ _ \ \ \ \
( ( )\___ | '_ | '_| | '_ \/ _` | \ \ \ \
 \\/  ___)| |_)| | | | | || (_| |  ) ) ) )
  '  |____| .__|_| |_|_| |_\__, | / / / /
 =========|_|==============|___/=/_/_/_/

 :: Spring Boot ::                (v3.3.0)

2025-05-20T22:30:48.892+03:00  INFO 5488 --- [           main] r.e.c.a.ScheduleEventApiControllerTest   : Starting ScheduleEventApiControllerTest using Java 23.0.2 with PID 5488 (started by auves in C:\Users\auves\Desktop\курсовой КИС\teacher_workload_tracker_java)
2025-05-20T22:30:48.893+03:00  INFO 5488 --- [           main] r.e.c.a.ScheduleEventApiControllerTest   : No active profile set, falling back to 1 default profile: "default"
2025-05-20T22:30:50.260+03:00  INFO 5488 --- [           main] .s.d.r.c.RepositoryConfigurationDelegate : Bootstrapping Spring Data JPA repositories in DEFAULT mode.
2025-05-20T22:30:50.348+03:00  INFO 5488 --- [           main] .s.d.r.c.RepositoryConfigurationDelegate : Finished Spring Data repository scanning in 67 ms. Found 3 JPA repository interfaces.
2025-05-20T22:30:52.681+03:00  INFO 5488 --- [           main] o.hibernate.jpa.internal.util.LogHelper  : HHH000204: Processing PersistenceUnitInfo [name: default]
2025-05-20T22:30:52.846+03:00  INFO 5488 --- [           main] org.hibernate.Version                    : HHH000412: Hibernate ORM core version 6.5.2.Final
2025-05-20T22:30:52.898+03:00  INFO 5488 --- [           main] o.h.c.internal.RegionFactoryInitiator    : HHH000026: Second-level cache disabled
2025-05-20T22:30:53.101+03:00  INFO 5488 --- [           main] o.s.o.j.p.SpringPersistenceUnitInfo      : No LoadTimeWeaver setup: ignoring JPA class transformer
2025-05-20T22:30:53.154+03:00  INFO 5488 --- [           main] com.zaxxer.hikari.HikariDataSource       : HikariPool-1 - Starting...
2025-05-20T22:30:53.494+03:00  INFO 5488 --- [           main] com.zaxxer.hikari.pool.HikariPool        : HikariPool-1 - Added connection conn0: url=jdbc:h2:file:./data/teacher_workload user=SA
2025-05-20T22:30:53.496+03:00  INFO 5488 --- [           main] com.zaxxer.hikari.HikariDataSource       : HikariPool-1 - Start completed.
2025-05-20T22:30:53.535+03:00  WARN 5488 --- [           main] org.hibernate.orm.deprecation            : HHH90000025: H2Dialect does not need to be specified explicitly using 'hibernate.dialect' (remove the property setting and it will be selected by default)
2025-05-20T22:30:54.841+03:00  INFO 5488 --- [           main] o.h.e.t.j.p.i.JtaPlatformInitiator       : HHH000489: No JTA platform available (set 'hibernate.transaction.jta.platform' to enable JTA platform integration)
2025-05-20T22:30:54.912+03:00  INFO 5488 --- [           main] j.LocalContainerEntityManagerFactoryBean : Initialized JPA EntityManagerFactory for persistence unit 'default'
2025-05-20T22:30:56.396+03:00  WARN 5488 --- [           main] JpaBaseConfiguration$JpaWebConfiguration : spring.jpa.open-in-view is enabled by default. Therefore, database queries may be performed during view rendering. Explicitly configure spring.jpa.open-in-view to disable this warning
2025-05-20T22:30:57.224+03:00  INFO 5488 --- [           main] o.s.b.a.h2.H2ConsoleAutoConfiguration    : H2 console available at '/h2-console'. Database available at 'jdbc:h2:file:./data/teacher_workload'
2025-05-20T22:30:57.315+03:00  INFO 5488 --- [           main] o.s.b.t.m.w.SpringBootMockServletContext : Initializing Spring TestDispatcherServlet ''
2025-05-20T22:30:57.316+03:00  INFO 5488 --- [           main] o.s.t.web.servlet.TestDispatcherServlet  : Initializing Servlet ''
2025-05-20T22:30:57.319+03:00  INFO 5488 --- [           main] o.s.t.web.servlet.TestDispatcherServlet  : Completed initialization in 1 ms
2025-05-20T22:30:57.356+03:00  INFO 5488 --- [           main] r.e.c.a.ScheduleEventApiControllerTest   : Started ScheduleEventApiControllerTest in 8.818 seconds (process running for 10.685)
]]></system-out>
    <system-err><![CDATA[WARNING: A Java agent has been loaded dynamically (C:\Users\auves\.m2\repository\net\bytebuddy\byte-buddy-agent\1.14.16\byte-buddy-agent-1.14.16.jar)
WARNING: If a serviceability tool is in use, please run with -XX:+EnableDynamicAgentLoading to hide this warning
WARNING: If a serviceability tool is not in use, please run with -Djdk.instrument.traceUsage for more information
WARNING: Dynamic loading of agents will be disallowed by default in a future release
]]></system-err>
  </testcase>
  <testcase name="getAllScheduleEvents_ShouldReturnListOfEvents" classname="ru.example.controller.api.ScheduleEventApiControllerTest" time="0.071"/>
  <testcase name="getScheduleEventById_WithExistingId_ShouldReturnEvent" classname="ru.example.controller.api.ScheduleEventApiControllerTest" time="0.01"/>
</testsuite>